Feb 06 12:56:21 Installed: libgcc-4.4.7-17.el6.x86_64
Feb 06 12:56:21 Installed: setup-2.8.14-20.el6_4.1.noarch
Feb 06 12:56:23 Installed: filesystem-2.4.30-3.el6.x86_64
Feb 06 12:56:23 Installed: basesystem-10.0-4.el6.noarch
Feb 06 12:56:23 Installed: 2:vim-filesystem-7.4.629-5.el6.x86_64
Feb 06 12:56:25 Installed: tzdata-2016c-1.el6.noarch
Feb 06 12:56:25 Installed: centos-release-6-8.el6.centos.12.3.x86_64
Feb 06 12:56:25 Installed: ncurses-base-5.7-4.20090207.el6.x86_64
Feb 06 12:56:26 Installed: nss-softokn-freebl-3.14.3-23.el6_7.x86_64
Feb 06 12:56:36 Installed: glibc-common-2.12-1.192.el6.x86_64
Feb 06 12:56:38 Installed: glibc-2.12-1.192.el6.x86_64
Feb 06 12:56:38 Installed: ncurses-libs-5.7-4.20090207.el6.x86_64
Feb 06 12:56:39 Installed: bash-4.1.2-40.el6.x86_64
Feb 06 12:56:39 Installed: libattr-2.4.44-7.el6.x86_64
Feb 06 12:56:39 Installed: libcap-2.16-5.5.el6.x86_64
Feb 06 12:56:39 Installed: zlib-1.2.3-29.el6.x86_64
Feb 06 12:56:39 Installed: info-4.13a-8.el6.x86_64
Feb 06 12:56:39 Installed: nspr-4.11.0-1.el6.x86_64
Feb 06 12:56:39 Installed: db4-4.7.25-20.el6_7.x86_64
Feb 06 12:56:40 Installed: libacl-2.2.49-6.el6.x86_64
Feb 06 12:56:40 Installed: nss-util-3.21.0-2.el6.x86_64
Feb 06 12:56:40 Installed: libcom_err-1.41.12-22.el6.x86_64
Feb 06 12:56:40 Installed: audit-libs-2.4.5-3.el6.x86_64
Feb 06 12:56:40 Installed: bzip2-libs-1.0.5-7.el6_0.x86_64
Feb 06 12:56:41 Installed: libsepol-2.0.41-4.el6.x86_64
Feb 06 12:56:41 Installed: libselinux-2.0.94-7.el6.x86_64
Feb 06 12:56:41 Installed: sed-4.2.1-10.el6.x86_64
Feb 06 12:56:41 Installed: popt-1.13-7.el6.x86_64
Feb 06 12:56:41 Installed: chkconfig-1.3.49.5-1.el6.x86_64
Feb 06 12:56:41 Installed: xz-libs-4.999.9-0.5.beta.20091007git.el6.x86_64
Feb 06 12:56:41 Installed: readline-6.0-4.el6.x86_64
Feb 06 12:56:41 Installed: libstdc++-4.4.7-17.el6.x86_64
Feb 06 12:56:41 Installed: 1:dbus-libs-1.2.24-8.el6_6.x86_64
Feb 06 12:56:41 Installed: lua-5.1.4-4.1.el6.x86_64
Feb 06 12:56:42 Installed: sqlite-3.6.20-1.el6_7.2.x86_64
Feb 06 12:56:42 Installed: gawk-3.1.7-10.el6_7.3.x86_64
Feb 06 12:56:42 Installed: libidn-1.18-2.el6.x86_64
Feb 06 12:56:42 Installed: file-libs-5.04-30.el6.x86_64
Feb 06 12:56:42 Installed: libgpg-error-1.7-4.el6.x86_64
Feb 06 12:56:42 Installed: elfutils-libelf-0.164-2.el6.x86_64
Feb 06 12:56:42 Installed: nss-softokn-3.14.3-23.el6_7.x86_64
Feb 06 12:56:42 Installed: pcre-7.8-7.el6.x86_64
Feb 06 12:56:43 Installed: grep-2.20-3.el6_7.1.x86_64
Feb 06 12:56:43 Installed: 1:findutils-4.4.2-9.el6.x86_64
Feb 06 12:56:43 Installed: libxml2-2.7.6-21.el6.x86_64
Feb 06 12:56:43 Installed: libtasn1-2.3-6.el6_5.x86_64
Feb 06 12:56:44 Installed: p11-kit-0.18.5-2.el6_5.2.x86_64
Feb 06 12:56:44 Installed: pth-2.0.7-9.3.el6.x86_64
Feb 06 12:56:44 Installed: libuuid-2.17.2-12.24.el6.x86_64
Feb 06 12:56:44 Installed: expat-2.0.1-11.el6_2.x86_64
Feb 06 12:56:44 Installed: sysvinit-tools-2.87-6.dsf.el6.x86_64
Feb 06 12:56:44 Installed: gdbm-1.8.0-39.el6.x86_64
Feb 06 12:56:44 Installed: 1:perl-Pod-Escapes-1.04-141.el6_7.1.x86_64
Feb 06 12:56:44 Installed: 4:perl-libs-5.10.1-141.el6_7.1.x86_64
Feb 06 12:56:44 Installed: 1:perl-Module-Pluggable-3.90-141.el6_7.1.x86_64
Feb 06 12:56:44 Installed: 1:perl-Pod-Simple-3.13-141.el6_7.1.x86_64
Feb 06 12:56:44 Installed: 3:perl-version-0.77-141.el6_7.1.x86_64
Feb 06 12:56:49 Installed: 4:perl-5.10.1-141.el6_7.1.x86_64
Feb 06 12:56:49 Installed: libblkid-2.17.2-12.24.el6.x86_64
Feb 06 12:56:49 Installed: p11-kit-trust-0.18.5-2.el6_5.2.x86_64
Feb 06 12:56:49 Installed: libgcrypt-1.4.5-11.el6_4.x86_64
Feb 06 12:56:50 Installed: libnih-1.0.1-7.el6.x86_64
Feb 06 12:56:50 Installed: upstart-0.6.5-16.el6.x86_64
Feb 06 12:56:50 Installed: libusb-0.1.12-23.el6.x86_64
Feb 06 12:56:50 Installed: gmp-4.3.1-10.el6.x86_64
Feb 06 12:56:50 Installed: xz-4.999.9-0.5.beta.20091007git.el6.x86_64
Feb 06 12:56:50 Installed: xz-lzma-compat-4.999.9-0.5.beta.20091007git.el6.x86_64
Feb 06 12:56:50 Installed: pinentry-0.7.6-8.el6.x86_64
Feb 06 12:56:50 Installed: psmisc-22.6-19.el6_5.x86_64
Feb 06 12:56:50 Installed: net-tools-1.60-110.el6_2.x86_64
Feb 06 12:56:50 Installed: procps-3.2.8-36.el6.x86_64
Feb 06 12:56:50 Installed: checkpolicy-2.0.22-1.el6.x86_64
Feb 06 12:56:51 Installed: libselinux-utils-2.0.94-7.el6.x86_64
Feb 06 12:56:51 Installed: bzip2-1.0.5-7.el6_0.x86_64
Feb 06 12:56:51 Installed: db4-utils-4.7.25-20.el6_7.x86_64
Feb 06 12:56:51 Installed: cyrus-sasl-lib-2.1.23-15.el6_6.2.x86_64
Feb 06 12:56:51 Installed: diffutils-2.8.1-28.el6.x86_64
Feb 06 12:56:52 Installed: binutils-2.20.51.0.2-5.44.el6.x86_64
Feb 06 12:56:52 Installed: which-2.19-6.el6.x86_64
Feb 06 12:56:52 Installed: cpio-2.10-12.el6_5.x86_64
Feb 06 12:56:52 Installed: 1:make-3.81-23.el6.x86_64
Feb 06 12:56:56 Installed: 2:vim-common-7.4.629-5.el6.x86_64
Feb 06 12:56:56 Installed: ncurses-5.7-4.20090207.el6.x86_64
Feb 06 12:56:57 Installed: groff-1.18.1.4-21.el6.x86_64
Feb 06 12:56:57 Installed: less-436-13.el6.x86_64
Feb 06 12:56:57 Installed: coreutils-libs-8.4-43.el6.x86_64
Feb 06 12:56:57 Installed: gzip-1.3.12-22.el6.x86_64
Feb 06 12:56:57 Installed: cracklib-2.8.16-4.el6.x86_64
Feb 06 12:56:58 Installed: cracklib-dicts-2.8.16-4.el6.x86_64
Feb 06 12:57:00 Installed: coreutils-8.4-43.el6.x86_64
Feb 06 12:57:00 Installed: pam-1.1.1-22.el6.x86_64
Feb 06 12:57:01 Installed: module-init-tools-3.9-25.el6.x86_64
Feb 06 12:57:01 Installed: hwdata-0.233-16.1.el6.noarch
Feb 06 12:57:01 Installed: libpciaccess-0.13.4-1.el6.x86_64
Feb 06 12:57:03 Installed: ca-certificates-2015.2.6-65.0.1.el6_7.noarch
Feb 06 12:57:04 Installed: nss-3.21.0-8.el6.x86_64
Feb 06 12:57:04 Installed: nss-sysinit-3.21.0-8.el6.x86_64
Feb 06 12:57:04 Installed: nss-tools-3.21.0-8.el6.x86_64
Feb 06 12:57:04 Installed: plymouth-scripts-0.8.3-27.el6.centos.1.x86_64
Feb 06 12:57:05 Installed: redhat-logos-60.0.14-12.el6.centos.noarch
Feb 06 12:57:05 Installed: libedit-2.11-4.20080712cvs.1.el6.x86_64
Feb 06 12:57:05 Installed: keyutils-libs-1.4-5.el6.x86_64
Feb 06 12:57:06 Installed: krb5-libs-1.10.3-57.el6.x86_64
Feb 06 12:57:06 Installed: openssl-1.0.1e-48.el6.x86_64
Feb 06 12:57:06 Installed: libssh2-1.4.2-2.el6_7.1.x86_64
Feb 06 12:57:06 Installed: libcurl-7.19.7-52.el6.x86_64
Feb 06 12:57:07 Installed: rpm-libs-4.8.0-55.el6.x86_64
Feb 06 12:57:07 Installed: curl-7.19.7-52.el6.x86_64
Feb 06 12:57:07 Installed: rpm-4.8.0-55.el6.x86_64
Feb 06 12:57:07 Installed: openldap-2.4.40-12.el6.x86_64
Feb 06 12:57:08 Installed: gnupg2-2.0.14-8.el6.x86_64
Feb 06 12:57:08 Installed: gpgme-1.1.8-3.el6.x86_64
Feb 06 12:57:08 Installed: fipscheck-lib-1.2.0-7.el6.x86_64
Feb 06 12:57:08 Installed: fipscheck-1.2.0-7.el6.x86_64
Feb 06 12:57:08 Installed: 2:ethtool-3.5-6.el6.x86_64
Feb 06 12:57:08 Installed: libffi-3.0.5-3.2.el6.x86_64
Feb 06 12:57:08 Installed: python-2.6.6-64.el6.x86_64
Feb 06 12:57:13 Installed: python-libs-2.6.6-64.el6.x86_64
Feb 06 12:57:13 Installed: python-pycurl-7.19.0-9.el6.x86_64
Feb 06 12:57:13 Installed: python-urlgrabber-3.9.1-11.el6.noarch
Feb 06 12:57:13 Installed: pygpgme-0.1-18.20090824bzr68.el6.x86_64
Feb 06 12:57:13 Installed: rpm-python-4.8.0-55.el6.x86_64
Feb 06 12:57:13 Installed: python-iniparse-0.3.1-2.1.el6.noarch
Feb 06 12:57:13 Installed: plymouth-core-libs-0.8.3-27.el6.centos.1.x86_64
Feb 06 12:57:13 Installed: ustr-1.0.4-9.1.el6.x86_64
Feb 06 12:57:13 Installed: libsemanage-2.0.43-5.1.el6.x86_64
Feb 06 12:57:14 Installed: 2:shadow-utils-4.1.5.1-5.el6.x86_64
Feb 06 12:57:14 Installed: MAKEDEV-3.24-6.el6.x86_64
Feb 06 12:57:14 Installed: libutempter-1.1.5-4.1.el6.x86_64
Feb 06 12:57:14 Installed: 1:pkgconfig-0.23-9.1.el6.x86_64
Feb 06 12:57:15 Installed: gamin-0.1.10-9.el6.x86_64
Feb 06 12:57:16 Installed: glib2-2.28.8-5.el6.x86_64
Feb 06 12:57:17 Installed: shared-mime-info-0.70-6.el6.x86_64
Feb 06 12:57:17 Installed: dbus-glib-0.86-6.el6.x86_64
Feb 06 12:57:17 Installed: yum-metadata-parser-1.1.2-16.el6.x86_64
Feb 06 12:57:17 Installed: yum-plugin-fastestmirror-1.1.30-37.el6.noarch
Feb 06 12:57:17 Installed: yum-3.2.29-73.el6.centos.noarch
Feb 06 12:57:17 Installed: tcp_wrappers-libs-7.6-58.el6.x86_64
Feb 06 12:57:17 Installed: gpm-libs-1.20.6-12.el6.x86_64
Feb 06 12:57:17 Installed: mingetty-1.08-5.el6.x86_64
Feb 06 12:57:18 Installed: policycoreutils-2.0.83-29.el6.x86_64
Feb 06 12:57:18 Installed: iptables-1.4.7-16.el6.x86_64
Feb 06 12:57:18 Installed: iproute-2.6.32-54.el6.x86_64
Feb 06 12:57:18 Installed: libdrm-2.4.65-2.el6.x86_64
Feb 06 12:57:18 Installed: plymouth-0.8.3-27.el6.centos.1.x86_64
Feb 06 12:57:18 Installed: iputils-20071127-21.el6.x86_64
Feb 06 12:57:19 Installed: util-linux-ng-2.17.2-12.24.el6.x86_64
Feb 06 12:57:20 Installed: initscripts-9.03.53-1.el6.centos.x86_64
Feb 06 12:57:20 Installed: udev-147-2.73.el6.x86_64
Feb 06 12:57:20 Installed: openssh-5.3p1-117.el6.x86_64
Feb 06 12:57:20 Installed: openssh-clients-5.3p1-117.el6.x86_64
Feb 06 12:57:21 Installed: openssh-server-5.3p1-117.el6.x86_64
Feb 06 12:57:21 Installed: 2:vim-enhanced-7.4.629-5.el6.x86_64
Feb 06 12:57:21 Installed: man-1.6f-32.el6.x86_64
Feb 06 12:57:22 Installed: wget-1.12-8.el6.x86_64
Feb 06 12:57:22 Installed: 2:tar-1.23-14.el6.x86_64
